<?xml version="1.0" encoding="UTF-8"?>
<testng-results ignored="2" total="3" passed="0" failed="1" skipped="0">
  <reporter-output>
  </reporter-output>
  <suite started-at="2023-04-05T00:30:39 IST" name="Default suite" finished-at="2023-04-05T00:31:17 IST" duration-ms="38378">
    <groups>
      <group name="reports">
        <method signature="ManagerModule.reports()[pri:2, instance:testRunner.ManagerModule@2ab2710]" name="reports" class="testRunner.ManagerModule"/>
      </group> <!-- reports -->
      <group name="sanity">
        <method signature="ManagerModule.reports()[pri:2, instance:testRunner.ManagerModule@2ab2710]" name="reports" class="testRunner.ManagerModule"/>
      </group> <!-- sanity -->
    </groups>
    <test started-at="2023-04-05T00:30:39 IST" name="Default test" finished-at="2023-04-05T00:31:17 IST" duration-ms="38378">
      <class name="testRunner.ManagerModule">
        <test-method is-config="true" signature="login()[pri:0, instance:testRunner.ManagerModule@2ab2710]" started-at="2023-04-05T00:30:39 IST" name="login" finished-at="2023-04-05T00:31:07 IST" duration-ms="28265" status="PASS">
          <reporter-output>
          </reporter-output>
        </test-method> <!-- login -->
        <test-method signature="reports()[pri:2, instance:testRunner.ManagerModule@2ab2710]" started-at="2023-04-05T00:31:07 IST" name="reports" finished-at="2023-04-05T00:31:12 IST" duration-ms="4737" status="FAIL">
          <exception class="java.lang.AssertionError">
            <message>
              <![CDATA[The following asserts failed:
Something went wrong expected [s] but found [f]]]>
            </message>
            <full-stacktrace>
              <![CDATA[java.lang.AssertionError: The following asserts failed:
Something went wrong expected [s] but found [f]
at org.testng.asserts.SoftAssert.assertAll(SoftAssert.java:47)
at org.testng.asserts.SoftAssert.assertAll(SoftAssert.java:31)
at testRunner.ManagerModule.reports(ManagerModule.java:56)
at java.base/jdk.internal.reflect.NativeMethodAccessorImpl.invoke0(Native Method)
at java.base/jdk.internal.reflect.NativeMethodAccessorImpl.invoke(NativeMethodAccessorImpl.java:77)
at java.base/jdk.internal.reflect.DelegatingMethodAccessorImpl.invoke(DelegatingMethodAccessorImpl.java:43)
at java.base/java.lang.reflect.Method.invoke(Method.java:568)
at org.testng.internal.MethodInvocationHelper.invokeMethod(MethodInvocationHelper.java:133)
at org.testng.internal.TestInvoker.invokeMethod(TestInvoker.java:598)
at org.testng.internal.TestInvoker.invokeTestMethod(TestInvoker.java:173)
at org.testng.internal.MethodRunner.runInSequence(MethodRunner.java:46)
at org.testng.internal.TestInvoker$MethodInvocationAgent.invoke(TestInvoker.java:824)
at org.testng.internal.TestInvoker.invokeTestMethods(TestInvoker.java:146)
at org.testng.internal.TestMethodWorker.invokeTestMethods(TestMethodWorker.java:146)
at org.testng.internal.TestMethodWorker.run(TestMethodWorker.java:128)
at java.base/java.util.ArrayList.forEach(ArrayList.java:1511)
at org.testng.TestRunner.privateRun(TestRunner.java:794)
at org.testng.TestRunner.run(TestRunner.java:596)
at org.testng.SuiteRunner.runTest(SuiteRunner.java:377)
at org.testng.SuiteRunner.runSequentially(SuiteRunner.java:371)
at org.testng.SuiteRunner.privateRun(SuiteRunner.java:332)
at org.testng.SuiteRunner.run(SuiteRunner.java:276)
at org.testng.SuiteRunnerWorker.runSuite(SuiteRunnerWorker.java:53)
at org.testng.SuiteRunnerWorker.run(SuiteRunnerWorker.java:96)
at org.testng.TestNG.runSuitesSequentially(TestNG.java:1212)
at org.testng.TestNG.runSuitesLocally(TestNG.java:1134)
at org.testng.TestNG.runSuites(TestNG.java:1063)
at org.testng.TestNG.run(TestNG.java:1031)
at org.testng.remote.AbstractRemoteTestNG.run(AbstractRemoteTestNG.java:115)
at org.testng.remote.RemoteTestNG.initAndRun(RemoteTestNG.java:251)
at org.testng.remote.RemoteTestNG.main(RemoteTestNG.java:77)
]]>
            </full-stacktrace>
          </exception> <!-- java.lang.AssertionError -->
          <reporter-output>
          </reporter-output>
        </test-method> <!-- reports -->
        <test-method is-config="true" signature="quitBrowser()[pri:0, instance:testRunner.ManagerModule@2ab2710]" started-at="2023-04-05T00:31:12 IST" name="quitBrowser" finished-at="2023-04-05T00:31:17 IST" duration-ms="5322" status="PASS">
          <reporter-output>
          </reporter-output>
        </test-method> <!-- quitBrowser -->
      </class> <!-- testRunner.ManagerModule -->
    </test> <!-- Default test -->
  </suite> <!-- Default suite -->
</testng-results>
